This is pdfTeX, Version 3.141592653-2.6-1.40.24 (TeX Live 2022) (preloaded format=pdflatex 2022.5.31)  31 MAY 2022 17:07
entering extended mode
 restricted \write18 enabled.
 %&-line parsing enabled.
**deliverable1.tex
(./deliverable1.tex
LaTeX2e <2021-11-15> patch level 1
L3 programming layer <2022-05-04> (c:/Users/TOREROS-II/AppData/Roaming/TinyTeX/texmf-dist/tex/latex/base/article.cls
Document Class: article 2021/10/04 v1.4n Standard LaTeX document class
(c:/Users/TOREROS-II/AppData/Roaming/TinyTeX/texmf-dist/tex/latex/base/size10.clo
File: size10.clo 2021/10/04 v1.4n Standard LaTeX file (size option)
)
\c@part=\count185
\c@section=\count186
\c@subsection=\count187
\c@subsubsection=\count188
\c@paragraph=\count189
\c@subparagraph=\count190
\c@figure=\count191
\c@table=\count192
\abovecaptionskip=\skip47
\belowcaptionskip=\skip48
\bibindent=\dimen138
) (c:/Users/TOREROS-II/AppData/Roaming/TinyTeX/texmf-dist/tex/latex/lm/lmodern.sty
Package: lmodern 2015/05/01 v1.6.1 Latin Modern Fonts
LaTeX Font Info:    Overwriting symbol font `operators' in version `normal'
(Font)                  OT1/cmr/m/n --> OT1/lmr/m/n on input line 22.
LaTeX Font Info:    Overwriting symbol font `letters' in version `normal'
(Font)                  OML/cmm/m/it --> OML/lmm/m/it on input line 23.
LaTeX Font Info:    Overwriting symbol font `symbols' in version `normal'
(Font)                  OMS/cmsy/m/n --> OMS/lmsy/m/n on input line 24.
LaTeX Font Info:    Overwriting symbol font `largesymbols' in version `normal'
(Font)                  OMX/cmex/m/n --> OMX/lmex/m/n on input line 25.
LaTeX Font Info:    Overwriting symbol font `operators' in version `bold'
(Font)                  OT1/cmr/bx/n --> OT1/lmr/bx/n on input line 26.
LaTeX Font Info:    Overwriting symbol font `letters' in version `bold'
(Font)                  OML/cmm/b/it --> OML/lmm/b/it on input line 27.
LaTeX Font Info:    Overwriting symbol font `symbols' in version `bold'
(Font)                  OMS/cmsy/b/n --> OMS/lmsy/b/n on input line 28.
LaTeX Font Info:    Overwriting symbol font `largesymbols' in version `bold'
(Font)                  OMX/cmex/m/n --> OMX/lmex/m/n on input line 29.
LaTeX Font Info:    Overwriting math alphabet `\mathbf' in version `normal'
(Font)                  OT1/cmr/bx/n --> OT1/lmr/bx/n on input line 31.
LaTeX Font Info:    Overwriting math alphabet `\mathsf' in version `normal'
(Font)                  OT1/cmss/m/n --> OT1/lmss/m/n on input line 32.
LaTeX Font Info:    Overwriting math alphabet `\mathit' in version `normal'
(Font)                  OT1/cmr/m/it --> OT1/lmr/m/it on input line 33.
LaTeX Font Info:    Overwriting math alphabet `\mathtt' in version `normal'
(Font)                  OT1/cmtt/m/n --> OT1/lmtt/m/n on input line 34.
LaTeX Font Info:    Overwriting math alphabet `\mathbf' in version `bold'
(Font)                  OT1/cmr/bx/n --> OT1/lmr/bx/n on input line 35.
LaTeX Font Info:    Overwriting math alphabet `\mathsf' in version `bold'
(Font)                  OT1/cmss/bx/n --> OT1/lmss/bx/n on input line 36.
LaTeX Font Info:    Overwriting math alphabet `\mathit' in version `bold'
(Font)                  OT1/cmr/bx/it --> OT1/lmr/bx/it on input line 37.
LaTeX Font Info:    Overwriting math alphabet `\mathtt' in version `bold'
(Font)                  OT1/cmtt/m/n --> OT1/lmtt/m/n on input line 38.
) (c:/Users/TOREROS-II/AppData/Roaming/TinyTeX/texmf-dist/tex/latex/amsfonts/amssymb.sty
Package: amssymb 2013/01/14 v3.01 AMS font symbols
(c:/Users/TOREROS-II/AppData/Roaming/TinyTeX/texmf-dist/tex/latex/amsfonts/amsfonts.sty
Package: amsfonts 2013/01/14 v3.01 Basic AMSFonts support
\@emptytoks=\toks16
\symAMSa=\mathgroup4
\symAMSb=\mathgroup5
LaTeX Font Info:    Redeclaring math symbol \hbar on input line 98.
LaTeX Font Info:    Overwriting math alphabet `\mathfrak' in version `bold'
(Font)                  U/euf/m/n --> U/euf/b/n on input line 106.
)) (c:/Users/TOREROS-II/AppData/Roaming/TinyTeX/texmf-dist/tex/latex/amsmath/amsmath.sty
Package: amsmath 2021/10/15 v2.17l AMS math features
\@mathmargin=\skip49
For additional information on amsmath, use the `?' option.
(c:/Users/TOREROS-II/AppData/Roaming/TinyTeX/texmf-dist/tex/latex/amsmath/amstext.sty
Package: amstext 2021/08/26 v2.01 AMS text
(c:/Users/TOREROS-II/AppData/Roaming/TinyTeX/texmf-dist/tex/latex/amsmath/amsgen.sty
File: amsgen.sty 1999/11/30 v2.0 generic functions
\@emptytoks=\toks17
\ex@=\dimen139
)) (c:/Users/TOREROS-II/AppData/Roaming/TinyTeX/texmf-dist/tex/latex/amsmath/amsbsy.sty
Package: amsbsy 1999/11/29 v1.2d Bold Symbols
\pmbraise@=\dimen140
) (c:/Users/TOREROS-II/AppData/Roaming/TinyTeX/texmf-dist/tex/latex/amsmath/amsopn.sty
Package: amsopn 2021/08/26 v2.02 operator names
)
\inf@bad=\count193
LaTeX Info: Redefining \frac on input line 234.
\uproot@=\count194
\leftroot@=\count195
LaTeX Info: Redefining \overline on input line 399.
\classnum@=\count196
\DOTSCASE@=\count197
LaTeX Info: Redefining \ldots on input line 496.
LaTeX Info: Redefining \dots on input line 499.
LaTeX Info: Redefining \cdots on input line 620.
\Mathstrutbox@=\box50
\strutbox@=\box51
\big@size=\dimen141
LaTeX Font Info:    Redeclaring font encoding OML on input line 743.
LaTeX Font Info:    Redeclaring font encoding OMS on input line 744.
\macc@depth=\count198
\c@MaxMatrixCols=\count199
\dotsspace@=\muskip16
\c@parentequation=\count266
\dspbrk@lvl=\count267
\tag@help=\toks18
\row@=\count268
\column@=\count269
\maxfields@=\count270
\andhelp@=\toks19
\eqnshift@=\dimen142
\alignsep@=\dimen143
\tagshift@=\dimen144
\tagwidth@=\dimen145
\totwidth@=\dimen146
\lineht@=\dimen147
\@envbody=\toks20
\multlinegap=\skip50
\multlinetaggap=\skip51
\mathdisplay@stack=\toks21
LaTeX Info: Redefining \[ on input line 2938.
LaTeX Info: Redefining \] on input line 2939.
) (c:/Users/TOREROS-II/AppData/Roaming/TinyTeX/texmf-dist/tex/generic/iftex/ifxetex.sty
Package: ifxetex 2019/10/25 v0.7 ifxetex legacy package. Use iftex instead.
(c:/Users/TOREROS-II/AppData/Roaming/TinyTeX/texmf-dist/tex/generic/iftex/iftex.sty
Package: iftex 2022/02/03 v1.0f TeX engine tests
)) (c:/Users/TOREROS-II/AppData/Roaming/TinyTeX/texmf-dist/tex/generic/iftex/ifluatex.sty
Package: ifluatex 2019/10/25 v1.5 ifluatex legacy package. Use iftex instead.
) (c:/Users/TOREROS-II/AppData/Roaming/TinyTeX/texmf-dist/tex/latex/base/fontenc.sty
Package: fontenc 2021/04/29 v2.0v Standard LaTeX package
LaTeX Font Info:    Trying to load font information for T1+lmr on input line 112.
(c:/Users/TOREROS-II/AppData/Roaming/TinyTeX/texmf-dist/tex/latex/lm/t1lmr.fd
File: t1lmr.fd 2015/05/01 v1.6.1 Font defs for Latin Modern
)) (c:/Users/TOREROS-II/AppData/Roaming/TinyTeX/texmf-dist/tex/latex/base/inputenc.sty
Package: inputenc 2021/02/14 v1.3d Input encoding file
\inpenc@prehook=\toks22
\inpenc@posthook=\toks23
) (c:/Users/TOREROS-II/AppData/Roaming/TinyTeX/texmf-dist/tex/latex/base/textcomp.sty
Package: textcomp 2020/02/02 v2.0n Standard LaTeX package
) (c:/Users/TOREROS-II/AppData/Roaming/TinyTeX/texmf-dist/tex/latex/xcolor/xcolor.sty
Package: xcolor 2021/10/31 v2.13 LaTeX color extensions (UK)
(c:/Users/TOREROS-II/AppData/Roaming/TinyTeX/texmf-dist/tex/latex/graphics-cfg/color.cfg
File: color.cfg 2016/01/02 v1.6 sample color configuration
)
Package xcolor Info: Driver file: pdftex.def on input line 227.
(c:/Users/TOREROS-II/AppData/Roaming/TinyTeX/texmf-dist/tex/latex/graphics-def/pdftex.def
File: pdftex.def 2020/10/05 v1.2a Graphics/color driver for pdftex
)
Package xcolor Info: Model `cmy' substituted by `cmy0' on input line 1352.
Package xcolor Info: Model `hsb' substituted by `rgb' on input line 1356.
Package xcolor Info: Model `RGB' extended on input line 1368.
Package xcolor Info: Model `HTML' substituted by `rgb' on input line 1370.
Package xcolor Info: Model `Hsb' substituted by `hsb' on input line 1371.
Package xcolor Info: Model `tHsb' substituted by `hsb' on input line 1372.
Package xcolor Info: Model `HSB' substituted by `hsb' on input line 1373.
Package xcolor Info: Model `Gray' substituted by `gray' on input line 1374.
Package xcolor Info: Model `wave' substituted by `hsb' on input line 1375.
) (c:/Users/TOREROS-II/AppData/Roaming/TinyTeX/texmf-dist/tex/latex/hyperref/hyperref.sty
Package: hyperref 2022-05-17 v7.00q Hypertext links for LaTeX
(c:/Users/TOREROS-II/AppData/Roaming/TinyTeX/texmf-dist/tex/generic/ltxcmds/ltxcmds.sty
Package: ltxcmds 2020-05-10 v1.25 LaTeX kernel commands for general use (HO)
) (c:/Users/TOREROS-II/AppData/Roaming/TinyTeX/texmf-dist/tex/generic/pdftexcmds/pdftexcmds.sty
Package: pdftexcmds 2020-06-27 v0.33 Utility functions of pdfTeX for LuaTeX (HO)
(c:/Users/TOREROS-II/AppData/Roaming/TinyTeX/texmf-dist/tex/generic/infwarerr/infwarerr.sty
Package: infwarerr 2019/12/03 v1.5 Providing info/warning/error messages (HO)
)
Package pdftexcmds Info: \pdf@primitive is available.
Package pdftexcmds Info: \pdf@ifprimitive is available.
Package pdftexcmds Info: \pdfdraftmode found.
) (c:/Users/TOREROS-II/AppData/Roaming/TinyTeX/texmf-dist/tex/latex/graphics/keyval.sty
Package: keyval 2014/10/28 v1.15 key=value parser (DPC)
\KV@toks@=\toks24
) (c:/Users/TOREROS-II/AppData/Roaming/TinyTeX/texmf-dist/tex/generic/kvsetkeys/kvsetkeys.sty
Package: kvsetkeys 2019/12/15 v1.18 Key value parser (HO)
) (c:/Users/TOREROS-II/AppData/Roaming/TinyTeX/texmf-dist/tex/generic/kvdefinekeys/kvdefinekeys.sty
Package: kvdefinekeys 2019-12-19 v1.6 Define keys (HO)
) (c:/Users/TOREROS-II/AppData/Roaming/TinyTeX/texmf-dist/tex/generic/pdfescape/pdfescape.sty
Package: pdfescape 2019/12/09 v1.15 Implements pdfTeX's escape features (HO)
) (c:/Users/TOREROS-II/AppData/Roaming/TinyTeX/texmf-dist/tex/latex/hycolor/hycolor.sty
Package: hycolor 2020-01-27 v1.10 Color options for hyperref/bookmark (HO)
) (c:/Users/TOREROS-II/AppData/Roaming/TinyTeX/texmf-dist/tex/latex/letltxmacro/letltxmacro.sty
Package: letltxmacro 2019/12/03 v1.6 Let assignment for LaTeX macros (HO)
) (c:/Users/TOREROS-II/AppData/Roaming/TinyTeX/texmf-dist/tex/latex/auxhook/auxhook.sty
Package: auxhook 2019-12-17 v1.6 Hooks for auxiliary files (HO)
) (c:/Users/TOREROS-II/AppData/Roaming/TinyTeX/texmf-dist/tex/latex/hyperref/nameref.sty
Package: nameref 2022-05-17 v2.50 Cross-referencing by name of section
(c:/Users/TOREROS-II/AppData/Roaming/TinyTeX/texmf-dist/tex/latex/refcount/refcount.sty
Package: refcount 2019/12/15 v3.6 Data extraction from label references (HO)
) (c:/Users/TOREROS-II/AppData/Roaming/TinyTeX/texmf-dist/tex/generic/gettitlestring/gettitlestring.sty
Package: gettitlestring 2019/12/15 v1.6 Cleanup title references (HO)
(c:/Users/TOREROS-II/AppData/Roaming/TinyTeX/texmf-dist/tex/latex/kvoptions/kvoptions.sty
Package: kvoptions 2020-10-07 v3.14 Key value format for package options (HO)
))
\c@section@level=\count271
)
\@linkdim=\dimen148
\Hy@linkcounter=\count272
\Hy@pagecounter=\count273
(c:/Users/TOREROS-II/AppData/Roaming/TinyTeX/texmf-dist/tex/latex/hyperref/pd1enc.def
File: pd1enc.def 2022-05-17 v7.00q Hyperref: PDFDocEncoding definition (HO)
Now handling font encoding PD1 ...
... no UTF-8 mapping file for font encoding PD1
) (c:/Users/TOREROS-II/AppData/Roaming/TinyTeX/texmf-dist/tex/generic/intcalc/intcalc.sty
Package: intcalc 2019/12/15 v1.3 Expandable calculations with integers (HO)
) (c:/Users/TOREROS-II/AppData/Roaming/TinyTeX/texmf-dist/tex/generic/etexcmds/etexcmds.sty
Package: etexcmds 2019/12/15 v1.7 Avoid name clashes with e-TeX commands (HO)
)
\Hy@SavedSpaceFactor=\count274
(c:/Users/TOREROS-II/AppData/Roaming/TinyTeX/texmf-dist/tex/latex/hyperref/puenc.def
File: puenc.def 2022-05-17 v7.00q Hyperref: PDF Unicode definition (HO)
Now handling font encoding PU ...
... no UTF-8 mapping file for font encoding PU
)
Package hyperref Info: Option `unicode' set `true' on input line 4020.
Package hyperref Info: Hyper figures OFF on input line 4139.
Package hyperref Info: Link nesting OFF on input line 4144.
Package hyperref Info: Hyper index ON on input line 4147.
Package hyperref Info: Plain pages OFF on input line 4154.
Package hyperref Info: Backreferencing OFF on input line 4159.
Package hyperref Info: Implicit mode ON; LaTeX internals redefined.
Package hyperref Info: Bookmarks ON on input line 4385.
\c@Hy@tempcnt=\count275
(c:/Users/TOREROS-II/AppData/Roaming/TinyTeX/texmf-dist/tex/latex/url/url.sty
\Urlmuskip=\muskip17
Package: url 2013/09/16  ver 3.4  Verb mode for urls, etc.
)
LaTeX Info: Redefining \url on input line 4723.
\XeTeXLinkMargin=\dimen149
(c:/Users/TOREROS-II/AppData/Roaming/TinyTeX/texmf-dist/tex/generic/bitset/bitset.sty
Package: bitset 2019/12/09 v1.3 Handle bit-vector datatype (HO)
(c:/Users/TOREROS-II/AppData/Roaming/TinyTeX/texmf-dist/tex/generic/bigintcalc/bigintcalc.sty
Package: bigintcalc 2019/12/15 v1.5 Expandable calculations on big integers (HO)
))
\Fld@menulength=\count276
\Field@Width=\dimen150
\Fld@charsize=\dimen151
Package hyperref Info: Hyper figures OFF on input line 6001.
Package hyperref Info: Link nesting OFF on input line 6006.
Package hyperref Info: Hyper index ON on input line 6009.
Package hyperref Info: backreferencing OFF on input line 6016.
Package hyperref Info: Link coloring OFF on input line 6021.
Package hyperref Info: Link coloring with OCG OFF on input line 6026.
Package hyperref Info: PDF/A mode OFF on input line 6031.
LaTeX Info: Redefining \ref on input line 6078.
LaTeX Info: Redefining \pageref on input line 6078.
(c:/Users/TOREROS-II/AppData/Roaming/TinyTeX/texmf-dist/tex/latex/base/atbegshi-ltx.sty
Package: atbegshi-ltx 2021/01/10 v1.0c Emulation of the original atbegshi
package with kernel methods
)
\Hy@abspage=\count277
\c@Item=\count278
\c@Hfootnote=\count279
)
Package hyperref Info: Driver (autodetected): hpdftex.
(c:/Users/TOREROS-II/AppData/Roaming/TinyTeX/texmf-dist/tex/latex/hyperref/hpdftex.def
File: hpdftex.def 2022-05-17 v7.00q Hyperref driver for pdfTeX
(c:/Users/TOREROS-II/AppData/Roaming/TinyTeX/texmf-dist/tex/latex/base/atveryend-ltx.sty
Package: atveryend-ltx 2020/08/19 v1.0a Emulation of the original atveryend package
with kernel methods
)
\Fld@listcount=\count280
\c@bookmark@seq@number=\count281
(c:/Users/TOREROS-II/AppData/Roaming/TinyTeX/texmf-dist/tex/latex/rerunfilecheck/rerunfilecheck.sty
Package: rerunfilecheck 2019/12/05 v1.9 Rerun checks for auxiliary files (HO)
(c:/Users/TOREROS-II/AppData/Roaming/TinyTeX/texmf-dist/tex/generic/uniquecounter/uniquecounter.sty
Package: uniquecounter 2019/12/15 v1.4 Provide unlimited unique counter (HO)
)
Package uniquecounter Info: New unique counter `rerunfilecheck' on input line 286.
)
\Hy@SectionHShift=\skip52
) (c:/Users/TOREROS-II/AppData/Roaming/TinyTeX/texmf-dist/tex/latex/geometry/geometry.sty
Package: geometry 2020/01/02 v5.9 Page Geometry
(c:/Users/TOREROS-II/AppData/Roaming/TinyTeX/texmf-dist/tex/generic/iftex/ifvtex.sty
Package: ifvtex 2019/10/25 v1.7 ifvtex legacy package. Use iftex instead.
)
\Gm@cnth=\count282
\Gm@cntv=\count283
\c@Gm@tempcnt=\count284
\Gm@bindingoffset=\dimen152
\Gm@wd@mp=\dimen153
\Gm@odd@mp=\dimen154
\Gm@even@mp=\dimen155
\Gm@layoutwidth=\dimen156
\Gm@layoutheight=\dimen157
\Gm@layouthoffset=\dimen158
\Gm@layoutvoffset=\dimen159
\Gm@dimlist=\toks25
) (c:/Users/TOREROS-II/AppData/Roaming/TinyTeX/texmf-dist/tex/latex/fancyvrb/fancyvrb.sty
Package: fancyvrb 2022/05/26 4.2a verbatim text (tvz,hv)
\FV@CodeLineNo=\count285
\FV@InFile=\read2
\FV@TabBox=\box52
\c@FancyVerbLine=\count286
\FV@StepNumber=\count287
\FV@OutFile=\write3
) (c:/Users/TOREROS-II/AppData/Roaming/TinyTeX/texmf-dist/tex/latex/framed/framed.sty
Package: framed 2011/10/22 v 0.96: framed or shaded text with page breaks
\OuterFrameSep=\skip53
\fb@frw=\dimen160
\fb@frh=\dimen161
\FrameRule=\dimen162
\FrameSep=\dimen163
) (c:/Users/TOREROS-II/AppData/Roaming/TinyTeX/texmf-dist/tex/latex/graphics/graphicx.sty
Package: graphicx 2021/09/16 v1.2d Enhanced LaTeX Graphics (DPC,SPQR)
(c:/Users/TOREROS-II/AppData/Roaming/TinyTeX/texmf-dist/tex/latex/graphics/graphics.sty
Package: graphics 2021/03/04 v1.4d Standard LaTeX Graphics (DPC,SPQR)
(c:/Users/TOREROS-II/AppData/Roaming/TinyTeX/texmf-dist/tex/latex/graphics/trig.sty
Package: trig 2021/08/11 v1.11 sin cos tan (DPC)
) (c:/Users/TOREROS-II/AppData/Roaming/TinyTeX/texmf-dist/tex/latex/graphics-cfg/graphics.cfg
File: graphics.cfg 2016/06/04 v1.11 sample graphics configuration
)
Package graphics Info: Driver file: pdftex.def on input line 107.
)
\Gin@req@height=\dimen164
\Gin@req@width=\dimen165
) (c:/Users/TOREROS-II/AppData/Roaming/TinyTeX/texmf-dist/tex/latex/grffile/grffile.sty
Package: grffile 2019/11/11 v2.1 Extended file name support for graphics (legacy)
Package grffile Info: This package is an empty stub for compatibility on input line 40.
) (c:/Users/TOREROS-II/AppData/Roaming/TinyTeX/texmf-dist/tex/latex/etoolbox/etoolbox.sty
Package: etoolbox 2020/10/05 v2.5k e-TeX tools for LaTeX (JAW)
\etb@tempcnta=\count288
) (c:/Users/TOREROS-II/AppData/Roaming/TinyTeX/texmf-dist/tex/latex/l3backend/l3backend-pdftex.def
File: l3backend-pdftex.def 2022-04-20 L3 backend support: PDF output (pdfTeX)
\l__color_backend_stack_int=\count289
\l__pdf_internal_box=\box53
)

LaTeX Warning: Unused global option(s):
    [18pt].

(./deliverable1.aux)
\openout1 = `deliverable1.aux'.

LaTeX Font Info:    Checking defaults for OML/cmm/m/it on input line 115.
LaTeX Font Info:    ... okay on input line 115.
LaTeX Font Info:    Checking defaults for OMS/cmsy/m/n on input line 115.
LaTeX Font Info:    ... okay on input line 115.
LaTeX Font Info:    Checking defaults for OT1/cmr/m/n on input line 115.
LaTeX Font Info:    ... okay on input line 115.
LaTeX Font Info:    Checking defaults for T1/cmr/m/n on input line 115.
LaTeX Font Info:    ... okay on input line 115.
LaTeX Font Info:    Checking defaults for TS1/cmr/m/n on input line 115.
LaTeX Font Info:    ... okay on input line 115.
LaTeX Font Info:    Checking defaults for OMX/cmex/m/n on input line 115.
LaTeX Font Info:    ... okay on input line 115.
LaTeX Font Info:    Checking defaults for U/cmr/m/n on input line 115.
LaTeX Font Info:    ... okay on input line 115.
LaTeX Font Info:    Checking defaults for PD1/pdf/m/n on input line 115.
LaTeX Font Info:    ... okay on input line 115.
LaTeX Font Info:    Checking defaults for PU/pdf/m/n on input line 115.
LaTeX Font Info:    ... okay on input line 115.
(c:/Users/TOREROS-II/AppData/Roaming/TinyTeX/texmf-dist/tex/latex/epstopdf-pkg/epstopdf-base.sty
Package: epstopdf-base 2020-01-24 v2.11 Base part for package epstopdf
Package epstopdf-base Info: Redefining graphics rule for `.eps' on input line 485.
(c:/Users/TOREROS-II/AppData/Roaming/TinyTeX/texmf-dist/tex/latex/latexconfig/epstopdf-sys.cfg
File: epstopdf-sys.cfg 2010/07/13 v1.3 Configuration of (r)epstopdf for TeX Live
))
Package hyperref Info: Link coloring OFF on input line 115.
(./deliverable1.out) (./deliverable1.out)
\@outlinefile=\write4
\openout4 = `deliverable1.out'.

*geometry* driver: auto-detecting
*geometry* detected driver: pdftex
*geometry* verbose mode - [ preamble ] result:
* driver: pdftex
* paper: a4paper
* layout: <same size as paper>
* layoutoffset:(h,v)=(0.0pt,0.0pt)
* modes: 
* h-part:(L,W,R)=(54.06006pt, 489.38776pt, 54.06006pt)
* v-part:(T,H,B)=(35.56593pt, 766.2326pt, 43.2483pt)
* \paperwidth=597.50787pt
* \paperheight=845.04684pt
* \textwidth=489.38776pt
* \textheight=766.2326pt
* \oddsidemargin=-18.20993pt
* \evensidemargin=-18.20993pt
* \topmargin=-73.70406pt
* \headheight=12.0pt
* \headsep=25.0pt
* \topskip=10.0pt
* \footskip=30.0pt
* \marginparwidth=57.0pt
* \marginparsep=11.0pt
* \columnsep=10.0pt
* \skip\footins=9.0pt plus 4.0pt minus 2.0pt
* \hoffset=0.0pt
* \voffset=0.0pt
* \mag=1000
* \@twocolumnfalse
* \@twosidefalse
* \@mparswitchfalse
* \@reversemarginfalse
* (1in=72.27pt=25.4mm, 1cm=28.453pt)

LaTeX Font Info:    Trying to load font information for OT1+lmr on input line 117.
(c:/Users/TOREROS-II/AppData/Roaming/TinyTeX/texmf-dist/tex/latex/lm/ot1lmr.fd
File: ot1lmr.fd 2015/05/01 v1.6.1 Font defs for Latin Modern
)
LaTeX Font Info:    Trying to load font information for OML+lmm on input line 117.
(c:/Users/TOREROS-II/AppData/Roaming/TinyTeX/texmf-dist/tex/latex/lm/omllmm.fd
File: omllmm.fd 2015/05/01 v1.6.1 Font defs for Latin Modern
)
LaTeX Font Info:    Trying to load font information for OMS+lmsy on input line 117.
(c:/Users/TOREROS-II/AppData/Roaming/TinyTeX/texmf-dist/tex/latex/lm/omslmsy.fd
File: omslmsy.fd 2015/05/01 v1.6.1 Font defs for Latin Modern
)
LaTeX Font Info:    Trying to load font information for OMX+lmex on input line 117.
(c:/Users/TOREROS-II/AppData/Roaming/TinyTeX/texmf-dist/tex/latex/lm/omxlmex.fd
File: omxlmex.fd 2015/05/01 v1.6.1 Font defs for Latin Modern
)
LaTeX Font Info:    External font `lmex10' loaded for size
(Font)              <12> on input line 117.
LaTeX Font Info:    External font `lmex10' loaded for size
(Font)              <8> on input line 117.
LaTeX Font Info:    External font `lmex10' loaded for size
(Font)              <6> on input line 117.
LaTeX Font Info:    Trying to load font information for U+msa on input line 117.
(c:/Users/TOREROS-II/AppData/Roaming/TinyTeX/texmf-dist/tex/latex/amsfonts/umsa.fd
File: umsa.fd 2013/01/14 v3.01 AMS symbols A
)
LaTeX Font Info:    Trying to load font information for U+msb on input line 117.
(c:/Users/TOREROS-II/AppData/Roaming/TinyTeX/texmf-dist/tex/latex/amsfonts/umsb.fd
File: umsb.fd 2013/01/14 v3.01 AMS symbols B
) (./deliverable1.toc
LaTeX Font Info:    External font `lmex10' loaded for size
(Font)              <10> on input line 2.
LaTeX Font Info:    External font `lmex10' loaded for size
(Font)              <7> on input line 2.
LaTeX Font Info:    External font `lmex10' loaded for size
(Font)              <5> on input line 2.
[1

{c:/Users/TOREROS-II/AppData/Roaming/TinyTeX/texmf-var/fonts/map/pdftex/updmap/pdftex.map}])
\tf@toc=\write5
\openout5 = `deliverable1.toc'.

LaTeX Font Info:    Trying to load font information for TS1+lmr on input line 128.
(c:/Users/TOREROS-II/AppData/Roaming/TinyTeX/texmf-dist/tex/latex/lm/ts1lmr.fd
File: ts1lmr.fd 2015/05/01 v1.6.1 Font defs for Latin Modern
) [2]
LaTeX Font Info:    Trying to load font information for T1+lmtt on input line 277.
(c:/Users/TOREROS-II/AppData/Roaming/TinyTeX/texmf-dist/tex/latex/lm/t1lmtt.fd
File: t1lmtt.fd 2015/05/01 v1.6.1 Font defs for Latin Modern
)
LaTeX Font Info:    Font shape `T1/lmtt/bx/n' in size <10> not available
(Font)              Font shape `T1/lmtt/b/n' tried instead on input line 278.
[3] [4]
<deliverable1_files/figure-latex/unnamed-chunk-7-1.pdf, id=200, 469.755pt x 325.215pt>
File: deliverable1_files/figure-latex/unnamed-chunk-7-1.pdf Graphic file (type pdf)
<use deliverable1_files/figure-latex/unnamed-chunk-7-1.pdf>
Package pdftex.def Info: deliverable1_files/figure-latex/unnamed-chunk-7-1.pdf  used on input line 495.
(pdftex.def)             Requested size: 469.75386pt x 325.2142pt.
[5]
<deliverable1_files/figure-latex/unnamed-chunk-7-2.pdf, id=206, 469.755pt x 325.215pt>
File: deliverable1_files/figure-latex/unnamed-chunk-7-2.pdf Graphic file (type pdf)
<use deliverable1_files/figure-latex/unnamed-chunk-7-2.pdf>
Package pdftex.def Info: deliverable1_files/figure-latex/unnamed-chunk-7-2.pdf  used on input line 522.
(pdftex.def)             Requested size: 469.75386pt x 325.2142pt.
[6 <./deliverable1_files/figure-latex/unnamed-chunk-7-1.pdf>]
<deliverable1_files/figure-latex/unnamed-chunk-8-1.pdf, id=217, 469.755pt x 325.215pt>
File: deliverable1_files/figure-latex/unnamed-chunk-8-1.pdf Graphic file (type pdf)
<use deliverable1_files/figure-latex/unnamed-chunk-8-1.pdf>
Package pdftex.def Info: deliverable1_files/figure-latex/unnamed-chunk-8-1.pdf  used on input line 548.
(pdftex.def)             Requested size: 469.75386pt x 325.2142pt.
[7 <./deliverable1_files/figure-latex/unnamed-chunk-7-2.pdf>]
<deliverable1_files/figure-latex/unnamed-chunk-10-1.pdf, id=230, 469.755pt x 325.215pt>
File: deliverable1_files/figure-latex/unnamed-chunk-10-1.pdf Graphic file (type pdf)
<use deliverable1_files/figure-latex/unnamed-chunk-10-1.pdf>
Package pdftex.def Info: deliverable1_files/figure-latex/unnamed-chunk-10-1.pdf  used on input line 592.
(pdftex.def)             Requested size: 469.75386pt x 325.2142pt.
[8 <./deliverable1_files/figure-latex/unnamed-chunk-8-1.pdf>]
<deliverable1_files/figure-latex/unnamed-chunk-12-1.pdf, id=243, 469.755pt x 325.215pt>
File: deliverable1_files/figure-latex/unnamed-chunk-12-1.pdf Graphic file (type pdf)
<use deliverable1_files/figure-latex/unnamed-chunk-12-1.pdf>
Package pdftex.def Info: deliverable1_files/figure-latex/unnamed-chunk-12-1.pdf  used on input line 649.
(pdftex.def)             Requested size: 469.75386pt x 325.2142pt.
[9 <./deliverable1_files/figure-latex/unnamed-chunk-10-1.pdf>]
<deliverable1_files/figure-latex/unnamed-chunk-12-2.pdf, id=255, 469.755pt x 325.215pt>
File: deliverable1_files/figure-latex/unnamed-chunk-12-2.pdf Graphic file (type pdf)
<use deliverable1_files/figure-latex/unnamed-chunk-12-2.pdf>
Package pdftex.def Info: deliverable1_files/figure-latex/unnamed-chunk-12-2.pdf  used on input line 673.
(pdftex.def)             Requested size: 469.75386pt x 325.2142pt.
[10 <./deliverable1_files/figure-latex/unnamed-chunk-12-1.pdf>]
<deliverable1_files/figure-latex/unnamed-chunk-13-1.pdf, id=266, 469.755pt x 325.215pt>
File: deliverable1_files/figure-latex/unnamed-chunk-13-1.pdf Graphic file (type pdf)
<use deliverable1_files/figure-latex/unnamed-chunk-13-1.pdf>
Package pdftex.def Info: deliverable1_files/figure-latex/unnamed-chunk-13-1.pdf  used on input line 688.
(pdftex.def)             Requested size: 469.75386pt x 325.2142pt.
[11 <./deliverable1_files/figure-latex/unnamed-chunk-12-2.pdf>] [12 <./deliverable1_files/figure-latex/unnamed-chunk-13-1.pdf>] [13]
<deliverable1_files/figure-latex/unnamed-chunk-15-1.pdf, id=295, 469.755pt x 325.215pt>
File: deliverable1_files/figure-latex/unnamed-chunk-15-1.pdf Graphic file (type pdf)
<use deliverable1_files/figure-latex/unnamed-chunk-15-1.pdf>
Package pdftex.def Info: deliverable1_files/figure-latex/unnamed-chunk-15-1.pdf  used on input line 843.
(pdftex.def)             Requested size: 469.75386pt x 325.2142pt.
<deliverable1_files/figure-latex/unnamed-chunk-15-2.pdf, id=296, 469.755pt x 325.215pt>
File: deliverable1_files/figure-latex/unnamed-chunk-15-2.pdf Graphic file (type pdf)
<use deliverable1_files/figure-latex/unnamed-chunk-15-2.pdf>
Package pdftex.def Info: deliverable1_files/figure-latex/unnamed-chunk-15-2.pdf  used on input line 852.
(pdftex.def)             Requested size: 469.75386pt x 325.2142pt.
[14 <./deliverable1_files/figure-latex/unnamed-chunk-15-1.pdf>]
<deliverable1_files/figure-latex/unnamed-chunk-15-3.pdf, id=307, 469.755pt x 325.215pt>
File: deliverable1_files/figure-latex/unnamed-chunk-15-3.pdf Graphic file (type pdf)
<use deliverable1_files/figure-latex/unnamed-chunk-15-3.pdf>
Package pdftex.def Info: deliverable1_files/figure-latex/unnamed-chunk-15-3.pdf  used on input line 861.
(pdftex.def)             Requested size: 469.75386pt x 325.2142pt.
<deliverable1_files/figure-latex/unnamed-chunk-15-4.pdf, id=308, 469.755pt x 325.215pt>
File: deliverable1_files/figure-latex/unnamed-chunk-15-4.pdf Graphic file (type pdf)
<use deliverable1_files/figure-latex/unnamed-chunk-15-4.pdf>
Package pdftex.def Info: deliverable1_files/figure-latex/unnamed-chunk-15-4.pdf  used on input line 870.
(pdftex.def)             Requested size: 469.75386pt x 325.2142pt.
[15 <./deliverable1_files/figure-latex/unnamed-chunk-15-2.pdf> <./deliverable1_files/figure-latex/unnamed-chunk-15-3.pdf>] [16 <./deliverable1_files/figure-latex/unnamed-chunk-15-4.pdf>]
<deliverable1_files/figure-latex/unnamed-chunk-16-1.pdf, id=336, 469.755pt x 325.215pt>
File: deliverable1_files/figure-latex/unnamed-chunk-16-1.pdf Graphic file (type pdf)
<use deliverable1_files/figure-latex/unnamed-chunk-16-1.pdf>
Package pdftex.def Info: deliverable1_files/figure-latex/unnamed-chunk-16-1.pdf  used on input line 942.
(pdftex.def)             Requested size: 469.75386pt x 325.2142pt.
<deliverable1_files/figure-latex/unnamed-chunk-16-2.pdf, id=337, 469.755pt x 325.215pt>
File: deliverable1_files/figure-latex/unnamed-chunk-16-2.pdf Graphic file (type pdf)
<use deliverable1_files/figure-latex/unnamed-chunk-16-2.pdf>
Package pdftex.def Info: deliverable1_files/figure-latex/unnamed-chunk-16-2.pdf  used on input line 950.
(pdftex.def)             Requested size: 469.75386pt x 325.2142pt.
[17 <./deliverable1_files/figure-latex/unnamed-chunk-16-1.pdf>]
<deliverable1_files/figure-latex/unnamed-chunk-16-3.pdf, id=348, 469.755pt x 325.215pt>
File: deliverable1_files/figure-latex/unnamed-chunk-16-3.pdf Graphic file (type pdf)
<use deliverable1_files/figure-latex/unnamed-chunk-16-3.pdf>
Package pdftex.def Info: deliverable1_files/figure-latex/unnamed-chunk-16-3.pdf  used on input line 958.
(pdftex.def)             Requested size: 469.75386pt x 325.2142pt.
<deliverable1_files/figure-latex/unnamed-chunk-16-4.pdf, id=349, 469.755pt x 325.215pt>
File: deliverable1_files/figure-latex/unnamed-chunk-16-4.pdf Graphic file (type pdf)
<use deliverable1_files/figure-latex/unnamed-chunk-16-4.pdf>
Package pdftex.def Info: deliverable1_files/figure-latex/unnamed-chunk-16-4.pdf  used on input line 966.
(pdftex.def)             Requested size: 469.75386pt x 325.2142pt.
[18 <./deliverable1_files/figure-latex/unnamed-chunk-16-2.pdf> <./deliverable1_files/figure-latex/unnamed-chunk-16-3.pdf>]
<deliverable1_files/figure-latex/unnamed-chunk-16-5.pdf, id=366, 469.755pt x 325.215pt>
File: deliverable1_files/figure-latex/unnamed-chunk-16-5.pdf Graphic file (type pdf)
<use deliverable1_files/figure-latex/unnamed-chunk-16-5.pdf>
Package pdftex.def Info: deliverable1_files/figure-latex/unnamed-chunk-16-5.pdf  used on input line 974.
(pdftex.def)             Requested size: 469.75386pt x 325.2142pt.
[19 <./deliverable1_files/figure-latex/unnamed-chunk-16-4.pdf> <./deliverable1_files/figure-latex/unnamed-chunk-16-5.pdf>]
<deliverable1_files/figure-latex/unnamed-chunk-16-6.pdf, id=384, 469.755pt x 325.215pt>
File: deliverable1_files/figure-latex/unnamed-chunk-16-6.pdf Graphic file (type pdf)
<use deliverable1_files/figure-latex/unnamed-chunk-16-6.pdf>
Package pdftex.def Info: deliverable1_files/figure-latex/unnamed-chunk-16-6.pdf  used on input line 982.
(pdftex.def)             Requested size: 469.75386pt x 325.2142pt.
[20 <./deliverable1_files/figure-latex/unnamed-chunk-16-6.pdf>]
<deliverable1_files/figure-latex/unnamed-chunk-17-1.pdf, id=397, 469.755pt x 325.215pt>
File: deliverable1_files/figure-latex/unnamed-chunk-17-1.pdf Graphic file (type pdf)
<use deliverable1_files/figure-latex/unnamed-chunk-17-1.pdf>
Package pdftex.def Info: deliverable1_files/figure-latex/unnamed-chunk-17-1.pdf  used on input line 1049.
(pdftex.def)             Requested size: 469.75386pt x 325.2142pt.
<deliverable1_files/figure-latex/unnamed-chunk-17-2.pdf, id=398, 469.755pt x 325.215pt>
File: deliverable1_files/figure-latex/unnamed-chunk-17-2.pdf Graphic file (type pdf)
<use deliverable1_files/figure-latex/unnamed-chunk-17-2.pdf>
Package pdftex.def Info: deliverable1_files/figure-latex/unnamed-chunk-17-2.pdf  used on input line 1058.
(pdftex.def)             Requested size: 469.75386pt x 325.2142pt.
[21 <./deliverable1_files/figure-latex/unnamed-chunk-17-1.pdf>]
<deliverable1_files/figure-latex/unnamed-chunk-18-1.pdf, id=409, 469.755pt x 325.215pt>
File: deliverable1_files/figure-latex/unnamed-chunk-18-1.pdf Graphic file (type pdf)
<use deliverable1_files/figure-latex/unnamed-chunk-18-1.pdf>
Package pdftex.def Info: deliverable1_files/figure-latex/unnamed-chunk-18-1.pdf  used on input line 1075.
(pdftex.def)             Requested size: 469.75386pt x 325.2142pt.
[22 <./deliverable1_files/figure-latex/unnamed-chunk-17-2.pdf> <./deliverable1_files/figure-latex/unnamed-chunk-18-1.pdf>] [23]
<deliverable1_files/figure-latex/unnamed-chunk-23-1.pdf, id=435, 469.755pt x 325.215pt>
File: deliverable1_files/figure-latex/unnamed-chunk-23-1.pdf Graphic file (type pdf)
<use deliverable1_files/figure-latex/unnamed-chunk-23-1.pdf>
Package pdftex.def Info: deliverable1_files/figure-latex/unnamed-chunk-23-1.pdf  used on input line 1226.
(pdftex.def)             Requested size: 469.75386pt x 325.2142pt.
[24]
<deliverable1_files/figure-latex/unnamed-chunk-24-1.pdf, id=443, 469.755pt x 325.215pt>
File: deliverable1_files/figure-latex/unnamed-chunk-24-1.pdf Graphic file (type pdf)
<use deliverable1_files/figure-latex/unnamed-chunk-24-1.pdf>
Package pdftex.def Info: deliverable1_files/figure-latex/unnamed-chunk-24-1.pdf  used on input line 1266.
(pdftex.def)             Requested size: 469.75386pt x 325.2142pt.
[25 <./deliverable1_files/figure-latex/unnamed-chunk-23-1.pdf>]
<deliverable1_files/figure-latex/unnamed-chunk-25-1.pdf, id=456, 469.755pt x 325.215pt>
File: deliverable1_files/figure-latex/unnamed-chunk-25-1.pdf Graphic file (type pdf)
<use deliverable1_files/figure-latex/unnamed-chunk-25-1.pdf>
Package pdftex.def Info: deliverable1_files/figure-latex/unnamed-chunk-25-1.pdf  used on input line 1280.
(pdftex.def)             Requested size: 469.75386pt x 325.2142pt.
[26 <./deliverable1_files/figure-latex/unnamed-chunk-24-1.pdf> <./deliverable1_files/figure-latex/unnamed-chunk-25-1.pdf>]
<deliverable1_files/figure-latex/unnamed-chunk-25-2.pdf, id=472, 469.755pt x 325.215pt>
File: deliverable1_files/figure-latex/unnamed-chunk-25-2.pdf Graphic file (type pdf)
<use deliverable1_files/figure-latex/unnamed-chunk-25-2.pdf>
Package pdftex.def Info: deliverable1_files/figure-latex/unnamed-chunk-25-2.pdf  used on input line 1291.
(pdftex.def)             Requested size: 469.75386pt x 325.2142pt.
[27 <./deliverable1_files/figure-latex/unnamed-chunk-25-2.pdf>] [28] [29]
<deliverable1_files/figure-latex/unnamed-chunk-27-1.pdf, id=491, 469.755pt x 325.215pt>
File: deliverable1_files/figure-latex/unnamed-chunk-27-1.pdf Graphic file (type pdf)
<use deliverable1_files/figure-latex/unnamed-chunk-27-1.pdf>
Package pdftex.def Info: deliverable1_files/figure-latex/unnamed-chunk-27-1.pdf  used on input line 1519.
(pdftex.def)             Requested size: 469.75386pt x 325.2142pt.
<deliverable1_files/figure-latex/unnamed-chunk-27-2.pdf, id=492, 469.755pt x 325.215pt>
File: deliverable1_files/figure-latex/unnamed-chunk-27-2.pdf Graphic file (type pdf)
<use deliverable1_files/figure-latex/unnamed-chunk-27-2.pdf>
Package pdftex.def Info: deliverable1_files/figure-latex/unnamed-chunk-27-2.pdf  used on input line 1527.
(pdftex.def)             Requested size: 469.75386pt x 325.2142pt.
[30 <./deliverable1_files/figure-latex/unnamed-chunk-27-1.pdf>]
<deliverable1_files/figure-latex/unnamed-chunk-27-3.pdf, id=504, 469.755pt x 325.215pt>
File: deliverable1_files/figure-latex/unnamed-chunk-27-3.pdf Graphic file (type pdf)
<use deliverable1_files/figure-latex/unnamed-chunk-27-3.pdf>
Package pdftex.def Info: deliverable1_files/figure-latex/unnamed-chunk-27-3.pdf  used on input line 1535.
(pdftex.def)             Requested size: 469.75386pt x 325.2142pt.
<deliverable1_files/figure-latex/unnamed-chunk-27-4.pdf, id=505, 469.755pt x 325.215pt>
File: deliverable1_files/figure-latex/unnamed-chunk-27-4.pdf Graphic file (type pdf)
<use deliverable1_files/figure-latex/unnamed-chunk-27-4.pdf>
Package pdftex.def Info: deliverable1_files/figure-latex/unnamed-chunk-27-4.pdf  used on input line 1543.
(pdftex.def)             Requested size: 469.75386pt x 325.2142pt.
[31 <./deliverable1_files/figure-latex/unnamed-chunk-27-2.pdf> <./deliverable1_files/figure-latex/unnamed-chunk-27-3.pdf>] [32 <./deliverable1_files/figure-latex/unnamed-chunk-27-4.pdf>] [33] [34] [35] [36] [37] (./deliverable1.aux)
Package rerunfilecheck Info: File `deliverable1.out' has not changed.
(rerunfilecheck)             Checksum: CF1432F6D9D873C6D156870FF312B434;6915.
 ) 
Here is how much of TeX's memory you used:
 11736 strings out of 480260
 194593 string characters out of 5892356
 498887 words of memory out of 5000000
 29332 multiletter control sequences out of 15000+600000
 520128 words of font info for 71 fonts, out of 8000000 for 9000
 14 hyphenation exceptions out of 8191
 72i,6n,77p,626b,468s stack positions out of 10000i,1000n,20000p,200000b,200000s
{c:/Users/TOREROS-II/AppData/Roaming/TinyTeX/texmf-dist/fonts/enc/dvips/lm/lm-ec.enc}{c:/Users/TOREROS-II/AppData/Roaming/TinyTeX/texmf-dist/fonts/enc/dvips/lm/lm-ts1.enc}<c:/Users/TOREROS-II/AppData/Roaming/TinyTeX/texmf-dist/fonts/type1/public/lm/lmbx10.pfb><c:/Users/TOREROS-II/AppData/Roaming/TinyTeX/texmf-dist/fonts/type1/public/lm/lmbx12.pfb><c:/Users/TOREROS-II/AppData/Roaming/TinyTeX/texmf-dist/fonts/type1/public/lm/lmr10.pfb><c:/Users/TOREROS-II/AppData/Roaming/TinyTeX/texmf-dist/fonts/type1/public/lm/lmr12.pfb><c:/Users/TOREROS-II/AppData/Roaming/TinyTeX/texmf-dist/fonts/type1/public/lm/lmr17.pfb><c:/Users/TOREROS-II/AppData/Roaming/TinyTeX/texmf-dist/fonts/type1/public/lm/lmri10.pfb><c:/Users/TOREROS-II/AppData/Roaming/TinyTeX/texmf-dist/fonts/type1/public/lm/lmtk10.pfb><c:/Users/TOREROS-II/AppData/Roaming/TinyTeX/texmf-dist/fonts/type1/public/lm/lmtt10.pfb><c:/Users/TOREROS-II/AppData/Roaming/TinyTeX/texmf-dist/fonts/type1/public/lm/lmtti10.pfb>
Output written on deliverable1.pdf (37 pages, 2271720 bytes).
PDF statistics:
 627 PDF objects out of 1000 (max. 8388607)
 507 compressed objects within 6 object streams
 103 named destinations out of 1000 (max. 500000)
 397 words of extra memory for PDF output out of 10000 (max. 10000000)

